<?xml version="1.0" encoding="UTF-8"?>
<!-- Generated by org.testng.reporters.JUnitReportReporter -->
<testsuite hostname="LAPTOP-76PAR4AM" failures="0" tests="1" name="ssample.demo" time="0.008" errors="0" timestamp="2023-08-03T19:27:16 IST" skipped="0">
  <testcase classname="ssample.demo" name="sample" time="0.008"/>
  <system-out/>
</testsuite> <!-- ssample.demo -->
